Build started 5/21/2013 5:21:46 PM.
     1>Project "F:\OS User Folders\My Documents\Visual Studio 2010\Projects\C++FinalProject\C++FinalProject\C++FinalProject.vcxproj" on node 2 (build target(s)).
     1>InitializeBuildStatus:
         Creating "Debug\C++FinalProject.unsuccessfulbuild" because "AlwaysCreate" was specified.
       ClCompile:
         All outputs are up-to-date.
         C:\Program Files (x86)\Microsoft Visual Studio 10.0\VC\bin\CL.exe /c /ZI /nologo /W3 /WX- /Od /Oy- /D WIN32 /D _DEBUG /D _CONSOLE /D _UNICODE /D UNICODE /Gm /EHsc /RTC1 /MDd /GS /fp:precise /Zc:wchar_t /Zc:forScope /Yu"StdAfx.h" /Fp"Debug\C++FinalProject.pch" /Fo"Debug\\" /Fd"Debug\vc100.pdb" /Gd /TP /analyze- /errorReport:prompt searchActName.cpp
         searchActName.cpp
     1>f:\os user folders\my documents\visual studio 2010\projects\c++finalproject\c++finalproject\searchactname.cpp(51): warning C4715: 'searchActName' : not all control paths return a value
       ManifestResourceCompile:
         All outputs are up-to-date.
       Link:
         C:\Program Files (x86)\Microsoft Visual Studio 10.0\VC\bin\link.exe /ERRORREPORT:PROMPT /OUT:"F:\OS User Folders\My Documents\Visual Studio 2010\Projects\C++FinalProject\Debug\C++FinalProject.exe" /INCREMENTAL /NOLOGO kernel32.lib user32.lib gdi32.lib winspool.lib comdlg32.lib advapi32.lib shell32.lib ole32.lib oleaut32.lib uuid.lib odbc32.lib odbccp32.lib /MANIFEST /ManifestFile:"Debug\C++FinalProject.exe.intermediate.manifest" /MANIFESTUAC:"level='asInvoker' uiAccess='false'" /DEBUG /PDB:"F:\OS User Folders\My Documents\Visual Studio 2010\Projects\C++FinalProject\Debug\C++FinalProject.pdb" /SUBSYSTEM:CONSOLE /TLBID:1 /DYNAMICBASE /NXCOMPAT /IMPLIB:"F:\OS User Folders\My Documents\Visual Studio 2010\Projects\C++FinalProject\Debug\C++FinalProject.lib" /MACHINE:X86 Debug\C++FinalProject.exe.embed.manifest.res
         Debug\C++FinalProject.obj
         Debug\checkFile.obj
         Debug\displayDatabase.obj
         Debug\inputMenu.obj
         Debug\parseString.obj
         Debug\searchActName.obj
         Debug\searchActNo.obj
         Debug\stdafx.obj
       Manifest:
         C:\Program Files (x86)\Microsoft SDKs\Windows\v7.0A\bin\mt.exe /nologo /verbose /out:"Debug\C++FinalProject.exe.embed.manifest" /manifest Debug\C++FinalProject.exe.intermediate.manifest
         All outputs are up-to-date.
       LinkEmbedManifest:
         All outputs are up-to-date.
         C++FinalProject.vcxproj -> F:\OS User Folders\My Documents\Visual Studio 2010\Projects\C++FinalProject\Debug\C++FinalProject.exe
       FinalizeBuildStatus:
         Deleting file "Debug\C++FinalProject.unsuccessfulbuild".
         Touching "Debug\C++FinalProject.lastbuildstate".
     1>Done Building Project "F:\OS User Folders\My Documents\Visual Studio 2010\Projects\C++FinalProject\C++FinalProject\C++FinalProject.vcxproj" (build target(s)).

Build succeeded.

Time Elapsed 00:00:01.47
