Build started 5/7/2013 5:38:22 PM.
     1>Project "f:\os user folders\my documents\visual studio 2010\Projects\PhoneRecord\PhoneRecord\PhoneRecord.vcxproj" on node 2 (build target(s)).
     1>InitializeBuildStatus:
         Creating "Debug\PhoneRecord.unsuccessfulbuild" because "AlwaysCreate" was specified.
       ClCompile:
         All outputs are up-to-date.
         C:\Program Files (x86)\Microsoft Visual Studio 10.0\VC\bin\CL.exe /c /ZI /nologo /W3 /WX- /Od /Oy- /D WIN32 /D _DEBUG /D _CONSOLE /D _UNICODE /D UNICODE /Gm /EHsc /RTC1 /MDd /GS /fp:precise /Zc:wchar_t /Zc:forScope /Yu"StdAfx.h" /Fp"Debug\PhoneRecord.pch" /Fo"Debug\\" /Fd"Debug\vc100.pdb" /Gd /TP /analyze- /errorReport:prompt addrecord.cpp
         addrecord.cpp
     1>f:\os user folders\my documents\visual studio 2010\projects\phonerecord\phonerecord\addrecord.cpp(9): warning C4101: 'buff' : unreferenced local variable
       ManifestResourceCompile:
         All outputs are up-to-date.
       Link:
         C:\Program Files (x86)\Microsoft Visual Studio 10.0\VC\bin\link.exe /ERRORREPORT:PROMPT /OUT:"f:\os user folders\my documents\visual studio 2010\Projects\PhoneRecord\Debug\PhoneRecord.exe" /INCREMENTAL /NOLOGO kernel32.lib user32.lib gdi32.lib winspool.lib comdlg32.lib advapi32.lib shell32.lib ole32.lib oleaut32.lib uuid.lib odbc32.lib odbccp32.lib /MANIFEST /ManifestFile:"Debug\PhoneRecord.exe.intermediate.manifest" /MANIFESTUAC:"level='asInvoker' uiAccess='false'" /DEBUG /PDB:"f:\os user folders\my documents\visual studio 2010\Projects\PhoneRecord\Debug\PhoneRecord.pdb" /SUBSYSTEM:CONSOLE /TLBID:1 /DYNAMICBASE /NXCOMPAT /IMPLIB:"f:\os user folders\my documents\visual studio 2010\Projects\PhoneRecord\Debug\PhoneRecord.lib" /MACHINE:X86 Debug\PhoneRecord.exe.embed.manifest.res
         Debug\addrecord.obj
         Debug\deleterecord.obj
         Debug\displayfile.obj
         Debug\displayrecord.obj
         Debug\findrecord.obj
         Debug\menu.obj
         Debug\PhoneRecord.obj
         Debug\stdafx.obj
         Debug\updaterecord.obj
       Manifest:
         C:\Program Files (x86)\Microsoft SDKs\Windows\v7.0A\bin\mt.exe /nologo /verbose /out:"Debug\PhoneRecord.exe.embed.manifest" /manifest Debug\PhoneRecord.exe.intermediate.manifest
         All outputs are up-to-date.
       LinkEmbedManifest:
         All outputs are up-to-date.
         PhoneRecord.vcxproj -> f:\os user folders\my documents\visual studio 2010\Projects\PhoneRecord\Debug\PhoneRecord.exe
       FinalizeBuildStatus:
         Deleting file "Debug\PhoneRecord.unsuccessfulbuild".
         Touching "Debug\PhoneRecord.lastbuildstate".
     1>Done Building Project "f:\os user folders\my documents\visual studio 2010\Projects\PhoneRecord\PhoneRecord\PhoneRecord.vcxproj" (build target(s)).

Build succeeded.

Time Elapsed 00:00:00.43
