Build started 4/16/2013 5:31:08 PM.
     1>Project "f:\os user folders\my documents\visual studio 2010\Projects\Rational1\Rational1\Rational1.vcxproj" on node 2 (build target(s)).
     1>InitializeBuildStatus:
         Creating "Debug\Rational1.unsuccessfulbuild" because "AlwaysCreate" was specified.
       ClCompile:
         All outputs are up-to-date.
         C:\Program Files (x86)\Microsoft Visual Studio 10.0\VC\bin\CL.exe /c /ZI /nologo /W3 /WX- /Od /Oy- /D WIN32 /D _DEBUG /D _CONSOLE /D _UNICODE /D UNICODE /Gm /EHsc /RTC1 /MDd /GS /fp:precise /Zc:wchar_t /Zc:forScope /Yu"StdAfx.h" /Fp"Debug\Rational1.pch" /Fo"Debug\\" /Fd"Debug\vc100.pdb" /Gd /TP /analyze- /errorReport:prompt Rational1.cpp
         Rational1.cpp
     1>f:\os user folders\my documents\visual studio 2010\projects\rational1\rational1\rational1.cpp(64): warning C4996: 'strtok': This function or variable may be unsafe. Consider using strtok_s instead. To disable deprecation, use _CRT_SECURE_NO_WARNINGS. See online help for details.
                 c:\program files (x86)\microsoft visual studio 10.0\vc\include\string.h(197) : see declaration of 'strtok'
     1>f:\os user folders\my documents\visual studio 2010\projects\rational1\rational1\rational1.cpp(66): warning C4996: 'strtok': This function or variable may be unsafe. Consider using strtok_s instead. To disable deprecation, use _CRT_SECURE_NO_WARNINGS. See online help for details.
                 c:\program files (x86)\microsoft visual studio 10.0\vc\include\string.h(197) : see declaration of 'strtok'
       ManifestResourceCompile:
         All outputs are up-to-date.
       Link:
         C:\Program Files (x86)\Microsoft Visual Studio 10.0\VC\bin\link.exe /ERRORREPORT:PROMPT /OUT:"f:\os user folders\my documents\visual studio 2010\Projects\Rational1\Debug\Rational1.exe" /INCREMENTAL /NOLOGO kernel32.lib user32.lib gdi32.lib winspool.lib comdlg32.lib advapi32.lib shell32.lib ole32.lib oleaut32.lib uuid.lib odbc32.lib odbccp32.lib /MANIFEST /ManifestFile:"Debug\Rational1.exe.intermediate.manifest" /MANIFESTUAC:"level='asInvoker' uiAccess='false'" /DEBUG /PDB:"f:\os user folders\my documents\visual studio 2010\Projects\Rational1\Debug\Rational1.pdb" /SUBSYSTEM:CONSOLE /TLBID:1 /DYNAMICBASE /NXCOMPAT /IMPLIB:"f:\os user folders\my documents\visual studio 2010\Projects\Rational1\Debug\Rational1.lib" /MACHINE:X86 Debug\Rational1.exe.embed.manifest.res
         Debug\Rational1.obj
         Debug\stdafx.obj
       Manifest:
         C:\Program Files (x86)\Microsoft SDKs\Windows\v7.0A\bin\mt.exe /nologo /verbose /out:"Debug\Rational1.exe.embed.manifest" /manifest Debug\Rational1.exe.intermediate.manifest
         All outputs are up-to-date.
       LinkEmbedManifest:
         All outputs are up-to-date.
         Rational1.vcxproj -> f:\os user folders\my documents\visual studio 2010\Projects\Rational1\Debug\Rational1.exe
       FinalizeBuildStatus:
         Deleting file "Debug\Rational1.unsuccessfulbuild".
         Touching "Debug\Rational1.lastbuildstate".
     1>Done Building Project "f:\os user folders\my documents\visual studio 2010\Projects\Rational1\Rational1\Rational1.vcxproj" (build target(s)).

Build succeeded.

Time Elapsed 00:00:00.78
